Removed Pin From Net: NetName=NetDB1_22 Pin=DB1-2
Removed Pin From Net: NetName=NetDB1_23 Pin=DB1-3
Removed Pin From Net: NetName=NetDB2_22 Pin=DB2-2
Removed Pin From Net: NetName=NetDB2_23 Pin=DB2-3
Removed Pin From Net: NetName=5V Pin=LV1-0
Change Component DesignItemId : Designator=C14 Old DesignItemId= New DesignItemId=CA1
Change Component DesignItemId : Designator=C13 Old DesignItemId= New DesignItemId=CA2
Change Component DesignItemId : Designator=C12 Old DesignItemId= New DesignItemId=CA3
Change Component DesignItemId : Designator=C11 Old DesignItemId= New DesignItemId=CA4
Change Component DesignItemId : Designator=C10 Old DesignItemId= New DesignItemId=CA5
Change Component DesignItemId : Designator=C9 Old DesignItemId= New DesignItemId=CA6
Change Component DesignItemId : Designator=C8 Old DesignItemId= New DesignItemId=CA7
Change Component DesignItemId : Designator=C5 Old DesignItemId= New DesignItemId=CA8
Change Component DesignItemId : Designator=C21 Old DesignItemId= New DesignItemId=CA8
Change Component DesignItemId : Designator=C22 Old DesignItemId= New DesignItemId=CA8
Change Component DesignItemId : Designator=C23 Old DesignItemId= New DesignItemId=CA8
Change Component DesignItemId : Designator=C25 Old DesignItemId= New DesignItemId=CA8
Change Component DesignItemId : Designator=C26 Old DesignItemId= New DesignItemId=CA8
Change Component DesignItemId : Designator=C27 Old DesignItemId= New DesignItemId=CA8
Change Component DesignItemId : Designator=C6 Old DesignItemId= New DesignItemId=CA9
Change Component DesignItemId : Designator=C7 Old DesignItemId= New DesignItemId=CA10
Change Component DesignItemId : Designator=C20 Old DesignItemId= New DesignItemId=CA10
Change Component DesignItemId : Designator=C4 Old DesignItemId= New DesignItemId=CA11
Change Component DesignItemId : Designator=C3 Old DesignItemId= New DesignItemId=CA12
Change Component DesignItemId : Designator=C2 Old DesignItemId= New DesignItemId=CA13
Change Component DesignItemId : Designator=C1 Old DesignItemId= New DesignItemId=CA14
Change Component DesignItemId : Designator=U4 Old DesignItemId= New DesignItemId=JA1
Change Component DesignItemId : Designator=DB1 Old DesignItemId= New DesignItemId=JA6
Change Component DesignItemId : Designator=DB2 Old DesignItemId= New DesignItemId=JA6
Change Component DesignItemId : Designator=LA2 Old DesignItemId= New DesignItemId=LA1
Change Component DesignItemId : Designator=LA1 Old DesignItemId= New DesignItemId=LA2
Change Component DesignItemId : Designator=U2 Old DesignItemId= New DesignItemId=max232_1
Change Component DesignItemId : Designator=R9 Old DesignItemId= New DesignItemId=RA1
Change Component DesignItemId : Designator=R10 Old DesignItemId= New DesignItemId=RA1
Change Component DesignItemId : Designator=R11 Old DesignItemId= New DesignItemId=RA1
Change Component DesignItemId : Designator=R12 Old DesignItemId= New DesignItemId=RA1
Change Component DesignItemId : Designator=R13 Old DesignItemId= New DesignItemId=RA1
Change Component DesignItemId : Designator=R14 Old DesignItemId= New DesignItemId=RA1
Change Component DesignItemId : Designator=R2 Old DesignItemId= New DesignItemId=RA2
Change Component DesignItemId : Designator=R3 Old DesignItemId= New DesignItemId=RA2
Change Component DesignItemId : Designator=R4 Old DesignItemId= New DesignItemId=RA2
Change Component DesignItemId : Designator=R5 Old DesignItemId= New DesignItemId=RA2
Change Component DesignItemId : Designator=R6 Old DesignItemId= New DesignItemId=RA2
Change Component DesignItemId : Designator=R7 Old DesignItemId= New DesignItemId=RA2
Change Component DesignItemId : Designator=R8 Old DesignItemId= New DesignItemId=RA2
Change Component DesignItemId : Designator=R1 Old DesignItemId= New DesignItemId=RA8
Change Component DesignItemId : Designator=U3 Old DesignItemId= New DesignItemId=TLE8104
Change Component DesignItemId : Designator=MC1 Old DesignItemId= New DesignItemId=UA1
Change Component DesignItemId : Designator=YA1 Old DesignItemId= New DesignItemId=YA1
Change Component Description : Designator=C15 Old Description= New Description=Capacitor
Change Component Description : Designator=C16 Old Description= New Description=Capacitor
Change Component Description : Designator=C17 Old Description= New Description=Capacitor
Change Component Description : Designator=C18 Old Description= New Description=Capacitor
Change Component Description : Designator=C19 Old Description= New Description=Capacitor
Change Component Description : Designator=C24 Old Description= New Description=Capacitor
Change Component Description : Designator=DV1 Old Description= New Description=Default Diode
Change Component Description : Designator=P1 Old Description= New Description=Header, 2-Pin
Change Component Description : Designator=P2 Old Description= New Description=Header, 2-Pin
Change Component Description : Designator=P3 Old Description= New Description=Header, 2-Pin
Change Component Description : Designator=P4 Old Description= New Description=Header, 2-Pin
Change Component Description : Designator=P5 Old Description= New Description=Header, 2-Pin
Change Component Description : Designator=P6 Old Description= New Description=Header, 2-Pin
Change Component Description : Designator=P7 Old Description= New Description=Header, 2-Pin
Change Component Description : Designator=P8 Old Description= New Description=Header, 2-Pin
Change Component Description : Designator=P9 Old Description= New Description=Header, 2-Pin
Change Component Description : Designator=P10 Old Description= New Description=Header, 2-Pin
Change Component Description : Designator=P11 Old Description= New Description=Header, 2-Pin
Change Component Description : Designator=P17 Old Description= New Description=Header, 2-Pin
Change Component Description : Designator=P18 Old Description= New Description=Header, 2-Pin
Change Component Description : Designator=P19 Old Description= New Description=Header, 2-Pin
Change Component Description : Designator=LV1 Old Description= New Description=Inductor
Change Component Description : Designator=R15 Old Description= New Description=Resistor
Change Component Description : Designator=R16 Old Description= New Description=Resistor
Change Component Description : Designator=POWER_12V Old Description=He New Description=Header, 2-Pin
Change Component Description : Designator=LM2596 Old Description=He New Description=Header, 6-Pin
Change Component Description : Designator=P14 Old Description=Header, 5 New Description=Header, 5-Pin, Dual row
Change Component Description : Designator=P15 Old Description=Header, 5 New Description=Header, 5-Pin, Dual row
Change Component Description : Designator=P16 Old Description=Header, 5 New Description=Header, 5-Pin, Dual row
Change Component Description : Designator=CJ1 Old Description=Polarized Capacito New Description=Polarized Capacitor (Radial)
Change Component Description : Designator=CV1 Old Description=Polarized Capacito New Description=Polarized Capacitor (Radial)
Change Component Description : Designator=CV2 Old Description=Polarized Capacito New Description=Polarized Capacitor (Radial)
Change Component Description : Designator=CV3 Old Description=Polarized Capacito New Description=Polarized Capacitor (Radial)
Change Component Library : Designator=C1 Old Library= New Library=1.SchLib
Change Component Library : Designator=C7 Old Library= New Library=1.SchLib
Change Component Library : Designator=C20 Old Library= New Library=1.SchLib
Change Component Library : Designator=C2 Old Library=1.S New Library=1.SchLib
Change Component Library : Designator=C3 Old Library=1.S New Library=1.SchLib
Change Component Library : Designator=C4 Old Library=1.S New Library=1.SchLib
Change Component Library : Designator=C5 Old Library=1.S New Library=1.SchLib
Change Component Library : Designator=C6 Old Library=1.S New Library=1.SchLib
Change Component Library : Designator=C8 Old Library=1.S New Library=1.SchLib
Change Component Library : Designator=C9 Old Library=1.S New Library=1.SchLib
Change Component Library : Designator=C10 Old Library=1.S New Library=1.SchLib
Change Component Library : Designator=C11 Old Library=1.S New Library=1.SchLib
Change Component Library : Designator=C12 Old Library=1.S New Library=1.SchLib
Change Component Library : Designator=C13 Old Library=1.S New Library=1.SchLib
Change Component Library : Designator=C14 Old Library=1.S New Library=1.SchLib
Change Component Library : Designator=C21 Old Library=1.S New Library=1.SchLib
Change Component Library : Designator=C22 Old Library=1.S New Library=1.SchLib
Change Component Library : Designator=C23 Old Library=1.S New Library=1.SchLib
Change Component Library : Designator=C25 Old Library=1.S New Library=1.SchLib
Change Component Library : Designator=C26 Old Library=1.S New Library=1.SchLib
Change Component Library : Designator=C27 Old Library=1.S New Library=1.SchLib
Change Component Library : Designator=DB1 Old Library=1.S New Library=1.SchLib
Change Component Library : Designator=DB2 Old Library=1.S New Library=1.SchLib
Change Component Library : Designator=LA1 Old Library=1.S New Library=1.SchLib
Change Component Library : Designator=LA2 Old Library=1.S New Library=1.SchLib
Change Component Library : Designator=MC1 Old Library=1.S New Library=1.SchLib
Change Component Library : Designator=R1 Old Library=1.S New Library=1.SchLib
Change Component Library : Designator=R2 Old Library=1.S New Library=1.SchLib
Change Component Library : Designator=R3 Old Library=1.S New Library=1.SchLib
Change Component Library : Designator=R4 Old Library=1.S New Library=1.SchLib
Change Component Library : Designator=R5 Old Library=1.S New Library=1.SchLib
Change Component Library : Designator=R6 Old Library=1.S New Library=1.SchLib
Change Component Library : Designator=R7 Old Library=1.S New Library=1.SchLib
Change Component Library : Designator=R8 Old Library=1.S New Library=1.SchLib
Change Component Library : Designator=R9 Old Library=1.S New Library=1.SchLib
Change Component Library : Designator=R10 Old Library=1.S New Library=1.SchLib
Change Component Library : Designator=R11 Old Library=1.S New Library=1.SchLib
Change Component Library : Designator=R12 Old Library=1.S New Library=1.SchLib
Change Component Library : Designator=R13 Old Library=1.S New Library=1.SchLib
Change Component Library : Designator=R14 Old Library=1.S New Library=1.SchLib
Change Component Library : Designator=U4 Old Library=1.S New Library=1.SchLib
Change Component Library : Designator=YA1 Old Library=1.Sch New Library=1.SchLib
Change Component Library : Designator=U3 Old Library=µ¡ËÙ New Library=µ¡ËÙ.SCHLIB
Added Member To Class: ClassName=SHEET1-ºúÏþ Member=Component R2 RA2
Added Member To Class: ClassName=SHEET1-ºúÏþ Member=Component R5 RA2
Added Member To Class: ClassName=SHEET1-ºúÏþ Member=Component R8 10K
Added Member To Class: ClassName=SHEET1-ºúÏþ Member=Component R9 10K
Added Room: Name=SHEET1-ºúÏþ
